Using pre-set license
Built from '2022.3/staging' branch; Version is '2022.3.4f1 (35713cd46cd7) revision 3502396'; Using compiler version '192829333'; Build Type 'Release'
OS: 'Windows 10  (10.0.19045) 64bit Education' Language: 'en' Physical Memory: 16328 MB
BatchMode: 1, IsHumanControllingUs: 0, StartBugReporterOnCrash: 0, Is64bit: 1, IsPro: 1

COMMAND LINE ARGUMENTS:
C:\Program Files\Unity\Hub\Editor\2022.3.4f1\Editor\Unity.exe
-adb2
-batchMode
-noUpm
-name
AssetImportWorker1
-projectPath
G:/Documents/Unity Projects/GMTK-Game-Jam-2023/GMTK2023
-logFile
Logs/AssetImportWorker1.log
-srvPort
56480
Successfully changed project path to: G:/Documents/Unity Projects/GMTK-Game-Jam-2023/GMTK2023
G:/Documents/Unity Projects/GMTK-Game-Jam-2023/GMTK2023
[UnityMemory] Configuration Parameters - Can be set up in boot.config
    "memorysetup-bucket-allocator-granularity=16"
    "memorysetup-bucket-allocator-bucket-count=8"
    "memorysetup-bucket-allocator-block-size=33554432"
    "memorysetup-bucket-allocator-block-count=8"
    "memorysetup-main-allocator-block-size=16777216"
    "memorysetup-thread-allocator-block-size=16777216"
    "memorysetup-gfx-main-allocator-block-size=16777216"
    "memorysetup-gfx-thread-allocator-block-size=16777216"
    "memorysetup-cache-allocator-block-size=4194304"
    "memorysetup-typetree-allocator-block-size=2097152"
    "memorysetup-profiler-bucket-allocator-granularity=16"
    "memorysetup-profiler-bucket-allocator-bucket-count=8"
    "memorysetup-profiler-bucket-allocator-block-size=33554432"
    "memorysetup-profiler-bucket-allocator-block-count=8"
    "memorysetup-profiler-allocator-block-size=16777216"
    "memorysetup-profiler-editor-allocator-block-size=1048576"
    "memorysetup-temp-allocator-size-main=16777216"
    "memorysetup-job-temp-allocator-block-size=2097152"
    "memorysetup-job-temp-allocator-block-size-background=1048576"
    "memorysetup-job-temp-allocator-reduction-small-platforms=262144"
    "memorysetup-allocator-temp-initial-block-size-main=262144"
    "memorysetup-allocator-temp-initial-block-size-worker=262144"
    "memorysetup-temp-allocator-size-background-worker=32768"
    "memorysetup-temp-allocator-size-job-worker=262144"
    "memorysetup-temp-allocator-size-preload-manager=33554432"
    "memorysetup-temp-allocator-size-nav-mesh-worker=65536"
    "memorysetup-temp-allocator-size-audio-worker=65536"
    "memorysetup-temp-allocator-size-cloud-worker=32768"
    "memorysetup-temp-allocator-size-gi-baking-worker=262144"
    "memorysetup-temp-allocator-size-gfx=262144"
Player connection [35472] Host "[IP] 10.0.0.60 [Port] 0 [Flags] 2 [Guid] 3679391301 [EditorId] 3679391301 [Version] 1048832 [Id] WindowsEditor(7,Darko) [Debug] 1 [PackageName] WindowsEditor [ProjectName] Editor" joined multi-casting on [225.0.0.222:54997]...

Player connection [35472] Host "[IP] 10.0.0.60 [Port] 0 [Flags] 2 [Guid] 3679391301 [EditorId] 3679391301 [Version] 1048832 [Id] WindowsEditor(7,Darko) [Debug] 1 [PackageName] WindowsEditor [ProjectName] Editor" joined alternative multi-casting on [225.0.0.222:34997]...

Refreshing native plugins compatible for Editor in 99.46 ms, found 4 plugins.
Preloading 0 native plugins for Editor in 0.00 ms.
Initialize engine version: 2022.3.4f1 (35713cd46cd7)
[Subsystems] Discovering subsystems at path C:/Program Files/Unity/Hub/Editor/2022.3.4f1/Editor/Data/Resources/UnitySubsystems
[Subsystems] Discovering subsystems at path G:/Documents/Unity Projects/GMTK-Game-Jam-2023/GMTK2023/Assets
GfxDevice: creating device client; threaded=0; jobified=0
Direct3D:
    Version:  Direct3D 11.0 [level 11.1]
    Renderer: NVIDIA GeForce RTX 3060 Ti (ID=0x2489)
    Vendor:   NVIDIA
    VRAM:     8038 MB
    Driver:   31.0.15.3623
Initialize mono
Mono path[0] = 'C:/Program Files/Unity/Hub/Editor/2022.3.4f1/Editor/Data/Managed'
Mono path[1] = 'C:/Program Files/Unity/Hub/Editor/2022.3.4f1/Editor/Data/MonoBleedingEdge/lib/mono/unityjit-win32'
Mono config path = 'C:/Program Files/Unity/Hub/Editor/2022.3.4f1/Editor/Data/MonoBleedingEdge/etc'
Using monoOptions --debugger-agent=transport=dt_socket,embedding=1,server=y,suspend=n,address=127.0.0.1:56280
Begin MonoManager ReloadAssembly
Registering precompiled unity dll's ...
Register platform support module: C:/Program Files/Unity/Hub/Editor/2022.3.4f1/Editor/Data/PlaybackEngines/WebGLSupport/UnityEditor.WebGL.Extensions.dll
Register platform support module: C:/Program Files/Unity/Hub/Editor/2022.3.4f1/Editor/Data/PlaybackEngines/WindowsStandaloneSupport/UnityEditor.WindowsStandalone.Extensions.dll
Registered in 0.011358 seconds.
- Loaded All Assemblies, in  0.285 seconds
Native extension for WindowsStandalone target not found
Native extension for WebGL target not found
Mono: successfully reloaded assembly
- Finished resetting the current domain, in  0.231 seconds
Domain Reload Profiling: 514ms
	BeginReloadAssembly (79ms)
		ExecutionOrderSort (0ms)
		DisableScriptedObjects (0ms)
		BackupInstance (0ms)
		ReleaseScriptingObjects (0ms)
		CreateAndSetChildDomain (1ms)
	RebuildCommonClasses (26ms)
	RebuildNativeTypeToScriptingClass (7ms)
	initialDomainReloadingComplete (57ms)
	LoadAllAssembliesAndSetupDomain (114ms)
		LoadAssemblies (77ms)
		RebuildTransferFunctionScriptingTraits (0ms)
		AnalyzeDomain (107ms)
			TypeCache.Refresh (106ms)
				TypeCache.ScanAssembly (95ms)
			ScanForSourceGeneratedMonoScriptInfo (0ms)
			ResolveRequiredComponents (1ms)
	FinalizeReload (232ms)
		ReleaseScriptCaches (0ms)
		RebuildScriptCaches (0ms)
		SetupLoadedEditorAssemblies (180ms)
			LogAssemblyErrors (0ms)
			InitializePlatformSupportModulesInManaged (10ms)
			SetLoadedEditorAssemblies (6ms)
			RefreshPlugins (0ms)
			BeforeProcessingInitializeOnLoad (2ms)
			ProcessInitializeOnLoadAttributes (112ms)
			ProcessInitializeOnLoadMethodAttributes (49ms)
			AfterProcessingInitializeOnLoad (0ms)
			EditorAssembliesLoaded (0ms)
		ExecutionOrderSort2 (0ms)
		AwakeInstancesAfterBackupRestoration (0ms)
========================================================================
Worker process is ready to serve import requests
Begin MonoManager ReloadAssembly
- Loaded All Assemblies, in  0.851 seconds
Refreshing native plugins compatible for Editor in 7.55 ms, found 4 plugins.
Native extension for WindowsStandalone target not found
Native extension for WebGL target not found
Adding registration method Yarn.Unity.DefaultActions.RegisterActions
UnityEngine.StackTraceUtility:ExtractStackTrace ()
UnityEngine.DebugLogHandler:LogFormat (UnityEngine.LogType,UnityEngine.Object,string,object[])
UnityEngine.Logger:Log (UnityEngine.LogType,object)
UnityEngine.Debug:Log (object)
Yarn.Unity.Actions:AddRegistrationMethod (System.Action`1<Yarn.Unity.IActionRegistration>) (at ./Library/PackageCache/dev.yarnspinner.unity@80c1e26e8a/Runtime/Commands/Actions.cs:606)
Yarn.Unity.DefaultActions:AddRegisterFunction () (at ./Library/PackageCache/dev.yarnspinner.unity@80c1e26e8a/Runtime/Commands/DefaultActions.cs:18)
System.Reflection.RuntimeMethodInfo:Invoke (object,System.Reflection.BindingFlags,System.Reflection.Binder,object[],System.Globalization.CultureInfo)
System.Reflection.MethodBase:Invoke (object,object[])
UnityEditor.EditorAssemblies:ProcessInitializeOnLoadMethodAttributes ()

(Filename: ./Library/PackageCache/dev.yarnspinner.unity@80c1e26e8a/Runtime/Commands/Actions.cs Line: 606)

Adding registration method Yarn.Unity.Generated.ActionRegistration.RegisterActions
UnityEngine.StackTraceUtility:ExtractStackTrace ()
UnityEngine.DebugLogHandler:LogFormat (UnityEngine.LogType,UnityEngine.Object,string,object[])
UnityEngine.Logger:Log (UnityEngine.LogType,object)
UnityEngine.Debug:Log (object)
Yarn.Unity.Actions:AddRegistrationMethod (System.Action`1<Yarn.Unity.IActionRegistration>) (at ./Library/PackageCache/dev.yarnspinner.unity@80c1e26e8a/Runtime/Commands/Actions.cs:606)
Yarn.Unity.Generated.ActionRegistration:AddRegisterFunction () (at ./YarnSpinner.Unity.SourceCodeGenerator/ActionRegistrationSourceGenerator/YarnActionRegistration-YarnSpinnerTests.CommandsInAnAssemblyDefinition.Generated.cs:12)
System.Reflection.RuntimeMethodInfo:Invoke (object,System.Reflection.BindingFlags,System.Reflection.Binder,object[],System.Globalization.CultureInfo)
System.Reflection.MethodBase:Invoke (object,object[])
UnityEditor.EditorAssemblies:ProcessInitializeOnLoadMethodAttributes ()

(Filename: ./Library/PackageCache/dev.yarnspinner.unity@80c1e26e8a/Runtime/Commands/Actions.cs Line: 606)

Mono: successfully reloaded assembly
- Finished resetting the current domain, in  0.750 seconds
Domain Reload Profiling: 1598ms
	BeginReloadAssembly (111ms)
		ExecutionOrderSort (0ms)
		DisableScriptedObjects (4ms)
		BackupInstance (0ms)
		ReleaseScriptingObjects (0ms)
		CreateAndSetChildDomain (19ms)
	RebuildCommonClasses (24ms)
	RebuildNativeTypeToScriptingClass (7ms)
	initialDomainReloadingComplete (42ms)
	LoadAllAssembliesAndSetupDomain (664ms)
		LoadAssemblies (366ms)
		RebuildTransferFunctionScriptingTraits (0ms)
		AnalyzeDomain (352ms)
			TypeCache.Refresh (329ms)
				TypeCache.ScanAssembly (317ms)
			ScanForSourceGeneratedMonoScriptInfo (19ms)
			ResolveRequiredComponents (4ms)
	FinalizeReload (750ms)
		ReleaseScriptCaches (0ms)
		RebuildScriptCaches (0ms)
		SetupLoadedEditorAssemblies (624ms)
			LogAssemblyErrors (0ms)
			InitializePlatformSupportModulesInManaged (7ms)
			SetLoadedEditorAssemblies (4ms)
			RefreshPlugins (0ms)
			BeforeProcessingInitializeOnLoad (94ms)
			ProcessInitializeOnLoadAttributes (469ms)
			ProcessInitializeOnLoadMethodAttributes (39ms)
			AfterProcessingInitializeOnLoad (11ms)
			EditorAssembliesLoaded (0ms)
		ExecutionOrderSort2 (0ms)
		AwakeInstancesAfterBackupRestoration (6ms)
Launched and connected shader compiler UnityShaderCompiler.exe after 0.07 seconds
Refreshing native plugins compatible for Editor in 7.84 ms, found 4 plugins.
Preloading 0 native plugins for Editor in 0.00 ms.
Unloading 4650 Unused Serialized files (Serialized files now loaded: 0)
Unloading 94 unused Assets / (48.6 KB). Loaded Objects now: 5094.
Memory consumption went from 160.1 MB to 160.1 MB.
Total: 4.184600 ms (FindLiveObjects: 0.338400 ms CreateObjectMapping: 0.313200 ms MarkObjects: 3.419000 ms  DeleteObjects: 0.112900 ms)

AssetImportParameters requested are different than current active one (requested -> active):
  custom:scripting/monoscript/fileName/OGFB_Score.cs: 170bdd4f7885193198086ec87be2acfa -> 
  custom:container-demuxer-ogg: 62fdf1f143b41e24485cea50d1cbac27 -> 
  custom:video-decoder-ogg-theora: a1e56fd34408186e4bbccfd4996cb3dc -> 
  custom:scripting/monoscript/fileName/FlyBehavior.cs: f93af026528c04e98c9ebf7b48342ce5 -> 
  custom:framework-win-MediaFoundation: 216162199b28c13a410421893ffa2e32 -> 
  custom:CustomObjectIndexerAttribute: 756ad292c208cfabdd7b50bc23989ffe -> 
  custom:container-demuxer-webm: 4f35f7cbe854078d1ac9338744f61a02 -> 
  custom:container-muxer-webm: aa71ff27fc2769a1b78a27578f13a17b -> 
  custom:video-decoder-webm-vp8: 9c59270c3fd7afecdb556c50c9e8de78 -> 
  custom:AudioImporter_EditorPlatform: d09bf68614088b80899f8185d706f6e7 -> 
  custom:scripting/monoscript/fileName/PipePooler.cs: b91cae1d3d3c3e879a0bbff8e21286f8 -> 
  custom:video-encoder-webm-vp8: eb34c28f22e8b96e1ab97ce403110664 -> 
  custom:audio-decoder-ogg-vorbis: bf7c407c2cedff20999df2af8eb42d56 -> 
  custom:audio-encoder-webm-vorbis: bf7c407c2cedff20999df2af8eb42d56 -> 
========================================================================
Received Import Request.
  Time since last request: 46152.690007 seconds.
  path: Assets/Prefabs/OGFB_Prefabs/PipePrefab.prefab
  artifactKey: Guid(0679ccfea5d643a44accba7ba4493890) Importer(815301076,1909f56bfc062723c751e8b465ee728b)
Start importing Assets/Prefabs/OGFB_Prefabs/PipePrefab.prefab using Guid(0679ccfea5d643a44accba7ba4493890) Importer(815301076,1909f56bfc062723c751e8b465ee728b)  -> (artifact id: '3e7fd7e8f294a8e25e6225b0d3774451') in 0.084140 seconds
Number of updated asset objects reloaded before import = 0
Number of asset objects unloaded after import = 17
========================================================================
Received Import Request.
  Time since last request: 4.704007 seconds.
  path: Assets/Prefabs/OGFB_Prefabs/PipePrefab.prefab
  artifactKey: Guid(0679ccfea5d643a44accba7ba4493890) Importer(815301076,1909f56bfc062723c751e8b465ee728b)
Start importing Assets/Prefabs/OGFB_Prefabs/PipePrefab.prefab using Guid(0679ccfea5d643a44accba7ba4493890) Importer(815301076,1909f56bfc062723c751e8b465ee728b)  -> (artifact id: 'f7cd75d68d1e1b525e4984dd89c02c8a') in 0.011544 seconds
Number of updated asset objects reloaded before import = 0
Number of asset objects unloaded after import = 17
========================================================================
Received Import Request.
  Time since last request: 29.660417 seconds.
  path: Assets/Prefabs/OGFB_Prefabs/PipePrefab.prefab
  artifactKey: Guid(0679ccfea5d643a44accba7ba4493890) Importer(815301076,1909f56bfc062723c751e8b465ee728b)
Start importing Assets/Prefabs/OGFB_Prefabs/PipePrefab.prefab using Guid(0679ccfea5d643a44accba7ba4493890) Importer(815301076,1909f56bfc062723c751e8b465ee728b)  -> (artifact id: '0ae51d3a32b5a8b7c7fc3b061183800e') in 0.009491 seconds
Number of updated asset objects reloaded before import = 0
Number of asset objects unloaded after import = 18
========================================================================
Received Import Request.
  Time since last request: 4.997597 seconds.
  path: Assets/Prefabs/OGFB_Prefabs/PipePrefab.prefab
  artifactKey: Guid(0679ccfea5d643a44accba7ba4493890) Importer(815301076,1909f56bfc062723c751e8b465ee728b)
Start importing Assets/Prefabs/OGFB_Prefabs/PipePrefab.prefab using Guid(0679ccfea5d643a44accba7ba4493890) Importer(815301076,1909f56bfc062723c751e8b465ee728b)  -> (artifact id: '183ac424cc1a78f3464701ee1f74a76a') in 0.005611 seconds
Number of updated asset objects reloaded before import = 0
Number of asset objects unloaded after import = 18
========================================================================
Received Import Request.
  Time since last request: 1.421969 seconds.
  path: Assets/Prefabs/OGFB_Prefabs/PipePrefab.prefab
  artifactKey: Guid(0679ccfea5d643a44accba7ba4493890) Importer(815301076,1909f56bfc062723c751e8b465ee728b)
Start importing Assets/Prefabs/OGFB_Prefabs/PipePrefab.prefab using Guid(0679ccfea5d643a44accba7ba4493890) Importer(815301076,1909f56bfc062723c751e8b465ee728b)  -> (artifact id: '1e8b3b0de5910137d3e2e6f6083fe008') in 0.005633 seconds
Number of updated asset objects reloaded before import = 0
Number of asset objects unloaded after import = 18
========================================================================
Received Import Request.
  Time since last request: 8.477686 seconds.
  path: Assets/Prefabs/OGFB_Prefabs/PipePrefab.prefab
  artifactKey: Guid(0679ccfea5d643a44accba7ba4493890) Importer(815301076,1909f56bfc062723c751e8b465ee728b)
Start importing Assets/Prefabs/OGFB_Prefabs/PipePrefab.prefab using Guid(0679ccfea5d643a44accba7ba4493890) Importer(815301076,1909f56bfc062723c751e8b465ee728b)  -> (artifact id: '7a49c2115cbf968d9726f26105e6ebcb') in 0.006276 seconds
Number of updated asset objects reloaded before import = 0
Number of asset objects unloaded after import = 18
========================================================================
Received Import Request.
  Time since last request: 5.026611 seconds.
  path: Assets/Prefabs/OGFB_Prefabs/PipePrefab.prefab
  artifactKey: Guid(0679ccfea5d643a44accba7ba4493890) Importer(815301076,1909f56bfc062723c751e8b465ee728b)
Start importing Assets/Prefabs/OGFB_Prefabs/PipePrefab.prefab using Guid(0679ccfea5d643a44accba7ba4493890) Importer(815301076,1909f56bfc062723c751e8b465ee728b)  -> (artifact id: '38ffb387d0dee1e87ff6ed45fccc23e1') in 0.006382 seconds
Number of updated asset objects reloaded before import = 0
Number of asset objects unloaded after import = 18
========================================================================
Received Import Request.
  Time since last request: 3.214267 seconds.
  path: Assets/Prefabs/OGFB_Prefabs/PipePrefab.prefab
  artifactKey: Guid(0679ccfea5d643a44accba7ba4493890) Importer(815301076,1909f56bfc062723c751e8b465ee728b)
Start importing Assets/Prefabs/OGFB_Prefabs/PipePrefab.prefab using Guid(0679ccfea5d643a44accba7ba4493890) Importer(815301076,1909f56bfc062723c751e8b465ee728b)  -> (artifact id: '58023eed8ada913205b442e673c0ffc9') in 0.007115 seconds
Number of updated asset objects reloaded before import = 0
Number of asset objects unloaded after import = 18
========================================================================
Received Prepare
Begin MonoManager ReloadAssembly
- Loaded All Assemblies, in  0.869 seconds
Refreshing native plugins compatible for Editor in 8.21 ms, found 4 plugins.
Native extension for WindowsStandalone target not found
Native extension for WebGL target not found
Adding registration method Yarn.Unity.DefaultActions.RegisterActions
UnityEngine.StackTraceUtility:ExtractStackTrace ()
UnityEngine.DebugLogHandler:LogFormat (UnityEngine.LogType,UnityEngine.Object,string,object[])
UnityEngine.Logger:Log (UnityEngine.LogType,object)
UnityEngine.Debug:Log (object)
Yarn.Unity.Actions:AddRegistrationMethod (System.Action`1<Yarn.Unity.IActionRegistration>) (at ./Library/PackageCache/dev.yarnspinner.unity@80c1e26e8a/Runtime/Commands/Actions.cs:606)
Yarn.Unity.DefaultActions:AddRegisterFunction () (at ./Library/PackageCache/dev.yarnspinner.unity@80c1e26e8a/Runtime/Commands/DefaultActions.cs:18)
System.Reflection.RuntimeMethodInfo:Invoke (object,System.Reflection.BindingFlags,System.Reflection.Binder,object[],System.Globalization.CultureInfo)
System.Reflection.MethodBase:Invoke (object,object[])
UnityEditor.EditorAssemblies:ProcessInitializeOnLoadMethodAttributes ()

(Filename: ./Library/PackageCache/dev.yarnspinner.unity@80c1e26e8a/Runtime/Commands/Actions.cs Line: 606)

Adding registration method Yarn.Unity.Generated.ActionRegistration.RegisterActions
UnityEngine.StackTraceUtility:ExtractStackTrace ()
UnityEngine.DebugLogHandler:LogFormat (UnityEngine.LogType,UnityEngine.Object,string,object[])
UnityEngine.Logger:Log (UnityEngine.LogType,object)
UnityEngine.Debug:Log (object)
Yarn.Unity.Actions:AddRegistrationMethod (System.Action`1<Yarn.Unity.IActionRegistration>) (at ./Library/PackageCache/dev.yarnspinner.unity@80c1e26e8a/Runtime/Commands/Actions.cs:606)
Yarn.Unity.Generated.ActionRegistration:AddRegisterFunction () (at ./YarnSpinner.Unity.SourceCodeGenerator/ActionRegistrationSourceGenerator/YarnActionRegistration-YarnSpinnerTests.CommandsInAnAssemblyDefinition.Generated.cs:12)
System.Reflection.RuntimeMethodInfo:Invoke (object,System.Reflection.BindingFlags,System.Reflection.Binder,object[],System.Globalization.CultureInfo)
System.Reflection.MethodBase:Invoke (object,object[])
UnityEditor.EditorAssemblies:ProcessInitializeOnLoadMethodAttributes ()

(Filename: ./Library/PackageCache/dev.yarnspinner.unity@80c1e26e8a/Runtime/Commands/Actions.cs Line: 606)

Mono: successfully reloaded assembly
- Finished resetting the current domain, in  1.087 seconds
Domain Reload Profiling: 1954ms
	BeginReloadAssembly (155ms)
		ExecutionOrderSort (0ms)
		DisableScriptedObjects (10ms)
		BackupInstance (0ms)
		ReleaseScriptingObjects (0ms)
		CreateAndSetChildDomain (53ms)
	RebuildCommonClasses (34ms)
	RebuildNativeTypeToScriptingClass (8ms)
	initialDomainReloadingComplete (35ms)
	LoadAllAssembliesAndSetupDomain (634ms)
		LoadAssemblies (362ms)
		RebuildTransferFunctionScriptingTraits (0ms)
		AnalyzeDomain (329ms)
			TypeCache.Refresh (321ms)
				TypeCache.ScanAssembly (309ms)
			ScanForSourceGeneratedMonoScriptInfo (4ms)
			ResolveRequiredComponents (4ms)
	FinalizeReload (1088ms)
		ReleaseScriptCaches (0ms)
		RebuildScriptCaches (0ms)
		SetupLoadedEditorAssemblies (543ms)
			LogAssemblyErrors (0ms)
			InitializePlatformSupportModulesInManaged (8ms)
			SetLoadedEditorAssemblies (4ms)
			RefreshPlugins (0ms)
			BeforeProcessingInitializeOnLoad (97ms)
			ProcessInitializeOnLoadAttributes (398ms)
			ProcessInitializeOnLoadMethodAttributes (27ms)
			AfterProcessingInitializeOnLoad (9ms)
			EditorAssembliesLoaded (0ms)
		ExecutionOrderSort2 (0ms)
		AwakeInstancesAfterBackupRestoration (12ms)
Refreshing native plugins compatible for Editor in 7.37 ms, found 4 plugins.
Preloading 0 native plugins for Editor in 0.00 ms.
Unloading 4625 Unused Serialized files (Serialized files now loaded: 0)
Unloading 61 unused Assets / (49.3 KB). Loaded Objects now: 5108.
Memory consumption went from 158.0 MB to 157.9 MB.
Total: 3.815100 ms (FindLiveObjects: 0.302500 ms CreateObjectMapping: 0.197400 ms MarkObjects: 3.230000 ms  DeleteObjects: 0.084400 ms)

Prepare: number of updated asset objects reloaded= 0
AssetImportParameters requested are different than current active one (requested -> active):
  custom:scripting/monoscript/fileName/OGFB_Score.cs: 170bdd4f7885193198086ec87be2acfa -> 
  custom:container-demuxer-ogg: 62fdf1f143b41e24485cea50d1cbac27 -> 
  custom:video-decoder-ogg-theora: a1e56fd34408186e4bbccfd4996cb3dc -> 
  custom:scripting/monoscript/fileName/FlyBehavior.cs: f93af026528c04e98c9ebf7b48342ce5 -> 
  custom:framework-win-MediaFoundation: 216162199b28c13a410421893ffa2e32 -> 
  custom:CustomObjectIndexerAttribute: 756ad292c208cfabdd7b50bc23989ffe -> 
  custom:container-demuxer-webm: 4f35f7cbe854078d1ac9338744f61a02 -> 
  custom:container-muxer-webm: aa71ff27fc2769a1b78a27578f13a17b -> 
  custom:video-decoder-webm-vp8: 9c59270c3fd7afecdb556c50c9e8de78 -> 
  custom:AudioImporter_EditorPlatform: d09bf68614088b80899f8185d706f6e7 -> 
  custom:scripting/monoscript/fileName/PipePooler.cs: b91cae1d3d3c3e879a0bbff8e21286f8 -> 
  custom:video-encoder-webm-vp8: eb34c28f22e8b96e1ab97ce403110664 -> 
  custom:audio-decoder-ogg-vorbis: bf7c407c2cedff20999df2af8eb42d56 -> 
  custom:audio-encoder-webm-vorbis: bf7c407c2cedff20999df2af8eb42d56 -> 
========================================================================
Received Import Request.
  Time since last request: 27.501769 seconds.
  path: Assets/Prefabs/OGFB_Prefabs/PipePrefab.prefab
  artifactKey: Guid(0679ccfea5d643a44accba7ba4493890) Importer(815301076,1909f56bfc062723c751e8b465ee728b)
Start importing Assets/Prefabs/OGFB_Prefabs/PipePrefab.prefab using Guid(0679ccfea5d643a44accba7ba4493890) Importer(815301076,1909f56bfc062723c751e8b465ee728b)  -> (artifact id: 'ede24226c501f9925e8a5c82b454cea2') in 0.042799 seconds
Number of updated asset objects reloaded before import = 0
Number of asset objects unloaded after import = 19
========================================================================
Received Prepare
Begin MonoManager ReloadAssembly
- Loaded All Assemblies, in  0.822 seconds
Refreshing native plugins compatible for Editor in 7.64 ms, found 4 plugins.
Native extension for WindowsStandalone target not found
Native extension for WebGL target not found
Adding registration method Yarn.Unity.DefaultActions.RegisterActions
UnityEngine.StackTraceUtility:ExtractStackTrace ()
UnityEngine.DebugLogHandler:LogFormat (UnityEngine.LogType,UnityEngine.Object,string,object[])
UnityEngine.Logger:Log (UnityEngine.LogType,object)
UnityEngine.Debug:Log (object)
Yarn.Unity.Actions:AddRegistrationMethod (System.Action`1<Yarn.Unity.IActionRegistration>) (at ./Library/PackageCache/dev.yarnspinner.unity@80c1e26e8a/Runtime/Commands/Actions.cs:606)
Yarn.Unity.DefaultActions:AddRegisterFunction () (at ./Library/PackageCache/dev.yarnspinner.unity@80c1e26e8a/Runtime/Commands/DefaultActions.cs:18)
System.Reflection.RuntimeMethodInfo:Invoke (object,System.Reflection.BindingFlags,System.Reflection.Binder,object[],System.Globalization.CultureInfo)
System.Reflection.MethodBase:Invoke (object,object[])
UnityEditor.EditorAssemblies:ProcessInitializeOnLoadMethodAttributes ()

(Filename: ./Library/PackageCache/dev.yarnspinner.unity@80c1e26e8a/Runtime/Commands/Actions.cs Line: 606)

Adding registration method Yarn.Unity.Generated.ActionRegistration.RegisterActions
UnityEngine.StackTraceUtility:ExtractStackTrace ()
UnityEngine.DebugLogHandler:LogFormat (UnityEngine.LogType,UnityEngine.Object,string,object[])
UnityEngine.Logger:Log (UnityEngine.LogType,object)
UnityEngine.Debug:Log (object)
Yarn.Unity.Actions:AddRegistrationMethod (System.Action`1<Yarn.Unity.IActionRegistration>) (at ./Library/PackageCache/dev.yarnspinner.unity@80c1e26e8a/Runtime/Commands/Actions.cs:606)
Yarn.Unity.Generated.ActionRegistration:AddRegisterFunction () (at ./YarnSpinner.Unity.SourceCodeGenerator/ActionRegistrationSourceGenerator/YarnActionRegistration-YarnSpinnerTests.CommandsInAnAssemblyDefinition.Generated.cs:12)
System.Reflection.RuntimeMethodInfo:Invoke (object,System.Reflection.BindingFlags,System.Reflection.Binder,object[],System.Globalization.CultureInfo)
System.Reflection.MethodBase:Invoke (object,object[])
UnityEditor.EditorAssemblies:ProcessInitializeOnLoadMethodAttributes ()

(Filename: ./Library/PackageCache/dev.yarnspinner.unity@80c1e26e8a/Runtime/Commands/Actions.cs Line: 606)

Mono: successfully reloaded assembly
- Finished resetting the current domain, in  1.014 seconds
Domain Reload Profiling: 1832ms
	BeginReloadAssembly (148ms)
		ExecutionOrderSort (0ms)
		DisableScriptedObjects (10ms)
		BackupInstance (0ms)
		ReleaseScriptingObjects (0ms)
		CreateAndSetChildDomain (49ms)
	RebuildCommonClasses (28ms)
	RebuildNativeTypeToScriptingClass (8ms)
	initialDomainReloadingComplete (34ms)
	LoadAllAssembliesAndSetupDomain (600ms)
		LoadAssemblies (352ms)
		RebuildTransferFunctionScriptingTraits (0ms)
		AnalyzeDomain (301ms)
			TypeCache.Refresh (294ms)
				TypeCache.ScanAssembly (281ms)
			ScanForSourceGeneratedMonoScriptInfo (4ms)
			ResolveRequiredComponents (4ms)
	FinalizeReload (1014ms)
		ReleaseScriptCaches (0ms)
		RebuildScriptCaches (0ms)
		SetupLoadedEditorAssemblies (496ms)
			LogAssemblyErrors (0ms)
			InitializePlatformSupportModulesInManaged (8ms)
			SetLoadedEditorAssemblies (4ms)
			RefreshPlugins (0ms)
			BeforeProcessingInitializeOnLoad (93ms)
			ProcessInitializeOnLoadAttributes (357ms)
			ProcessInitializeOnLoadMethodAttributes (25ms)
			AfterProcessingInitializeOnLoad (9ms)
			EditorAssembliesLoaded (0ms)
		ExecutionOrderSort2 (0ms)
		AwakeInstancesAfterBackupRestoration (11ms)
Refreshing native plugins compatible for Editor in 7.65 ms, found 4 plugins.
Preloading 0 native plugins for Editor in 0.00 ms.
Unloading 4625 Unused Serialized files (Serialized files now loaded: 0)
Unloading 61 unused Assets / (49.4 KB). Loaded Objects now: 5112.
Memory consumption went from 158.0 MB to 157.9 MB.
Total: 3.900500 ms (FindLiveObjects: 0.343100 ms CreateObjectMapping: 0.300500 ms MarkObjects: 3.168200 ms  DeleteObjects: 0.087900 ms)

Prepare: number of updated asset objects reloaded= 0
AssetImportParameters requested are different than current active one (requested -> active):
  custom:scripting/monoscript/fileName/OGFB_Score.cs: 170bdd4f7885193198086ec87be2acfa -> 
  custom:container-demuxer-ogg: 62fdf1f143b41e24485cea50d1cbac27 -> 
  custom:video-decoder-ogg-theora: a1e56fd34408186e4bbccfd4996cb3dc -> 
  custom:scripting/monoscript/fileName/FlyBehavior.cs: f93af026528c04e98c9ebf7b48342ce5 -> 
  custom:framework-win-MediaFoundation: 216162199b28c13a410421893ffa2e32 -> 
  custom:CustomObjectIndexerAttribute: 756ad292c208cfabdd7b50bc23989ffe -> 
  custom:container-demuxer-webm: 4f35f7cbe854078d1ac9338744f61a02 -> 
  custom:container-muxer-webm: aa71ff27fc2769a1b78a27578f13a17b -> 
  custom:video-decoder-webm-vp8: 9c59270c3fd7afecdb556c50c9e8de78 -> 
  custom:AudioImporter_EditorPlatform: d09bf68614088b80899f8185d706f6e7 -> 
  custom:scripting/monoscript/fileName/PipePooler.cs: b91cae1d3d3c3e879a0bbff8e21286f8 -> 
  custom:video-encoder-webm-vp8: eb34c28f22e8b96e1ab97ce403110664 -> 
  custom:audio-decoder-ogg-vorbis: bf7c407c2cedff20999df2af8eb42d56 -> 
  custom:audio-encoder-webm-vorbis: bf7c407c2cedff20999df2af8eb42d56 -> 
========================================================================
Received Import Request.
  Time since last request: 12.222802 seconds.
  path: Assets/Scripts/OGFB/IncreaseScore.cs
  artifactKey: Guid(d243686ec06fcb040b483e8a1c3ca73b) Importer(815301076,1909f56bfc062723c751e8b465ee728b)
Start importing Assets/Scripts/OGFB/IncreaseScore.cs using Guid(d243686ec06fcb040b483e8a1c3ca73b) Importer(815301076,1909f56bfc062723c751e8b465ee728b)  -> (artifact id: '5c98f31803758cbce5a125fc158e9b4f') in 0.001945 seconds
Number of updated asset objects reloaded before import = 0
Number of asset objects unloaded after import = 0
========================================================================
Received Import Request.
  Time since last request: 3.681278 seconds.
  path: Assets/Scripts/OGFB/OGFB_IncreaseScore.cs
  artifactKey: Guid(d243686ec06fcb040b483e8a1c3ca73b) Importer(815301076,1909f56bfc062723c751e8b465ee728b)
Start importing Assets/Scripts/OGFB/OGFB_IncreaseScore.cs using Guid(d243686ec06fcb040b483e8a1c3ca73b) Importer(815301076,1909f56bfc062723c751e8b465ee728b)  -> (artifact id: 'e0ee29325ee92d66c63b19faa4db6069') in 0.000576 seconds
Number of updated asset objects reloaded before import = 0
Number of asset objects unloaded after import = 0
========================================================================
Received Prepare
Begin MonoManager ReloadAssembly
- Loaded All Assemblies, in  0.840 seconds
Refreshing native plugins compatible for Editor in 7.55 ms, found 4 plugins.
Native extension for WindowsStandalone target not found
Native extension for WebGL target not found
Adding registration method Yarn.Unity.DefaultActions.RegisterActions
UnityEngine.StackTraceUtility:ExtractStackTrace ()
UnityEngine.DebugLogHandler:LogFormat (UnityEngine.LogType,UnityEngine.Object,string,object[])
UnityEngine.Logger:Log (UnityEngine.LogType,object)
UnityEngine.Debug:Log (object)
Yarn.Unity.Actions:AddRegistrationMethod (System.Action`1<Yarn.Unity.IActionRegistration>) (at ./Library/PackageCache/dev.yarnspinner.unity@80c1e26e8a/Runtime/Commands/Actions.cs:606)
Yarn.Unity.DefaultActions:AddRegisterFunction () (at ./Library/PackageCache/dev.yarnspinner.unity@80c1e26e8a/Runtime/Commands/DefaultActions.cs:18)
System.Reflection.RuntimeMethodInfo:Invoke (object,System.Reflection.BindingFlags,System.Reflection.Binder,object[],System.Globalization.CultureInfo)
System.Reflection.MethodBase:Invoke (object,object[])
UnityEditor.EditorAssemblies:ProcessInitializeOnLoadMethodAttributes ()

(Filename: ./Library/PackageCache/dev.yarnspinner.unity@80c1e26e8a/Runtime/Commands/Actions.cs Line: 606)

Adding registration method Yarn.Unity.Generated.ActionRegistration.RegisterActions
UnityEngine.StackTraceUtility:ExtractStackTrace ()
UnityEngine.DebugLogHandler:LogFormat (UnityEngine.LogType,UnityEngine.Object,string,object[])
UnityEngine.Logger:Log (UnityEngine.LogType,object)
UnityEngine.Debug:Log (object)
Yarn.Unity.Actions:AddRegistrationMethod (System.Action`1<Yarn.Unity.IActionRegistration>) (at ./Library/PackageCache/dev.yarnspinner.unity@80c1e26e8a/Runtime/Commands/Actions.cs:606)
Yarn.Unity.Generated.ActionRegistration:AddRegisterFunction () (at ./YarnSpinner.Unity.SourceCodeGenerator/ActionRegistrationSourceGenerator/YarnActionRegistration-YarnSpinnerTests.CommandsInAnAssemblyDefinition.Generated.cs:12)
System.Reflection.RuntimeMethodInfo:Invoke (object,System.Reflection.BindingFlags,System.Reflection.Binder,object[],System.Globalization.CultureInfo)
System.Reflection.MethodBase:Invoke (object,object[])
UnityEditor.EditorAssemblies:ProcessInitializeOnLoadMethodAttributes ()

(Filename: ./Library/PackageCache/dev.yarnspinner.unity@80c1e26e8a/Runtime/Commands/Actions.cs Line: 606)

Mono: successfully reloaded assembly
- Finished resetting the current domain, in  1.089 seconds
Domain Reload Profiling: 1926ms
	BeginReloadAssembly (150ms)
		ExecutionOrderSort (0ms)
		DisableScriptedObjects (10ms)
		BackupInstance (0ms)
		ReleaseScriptingObjects (0ms)
		CreateAndSetChildDomain (50ms)
	RebuildCommonClasses (25ms)
	RebuildNativeTypeToScriptingClass (8ms)
	initialDomainReloadingComplete (33ms)
	LoadAllAssembliesAndSetupDomain (622ms)
		LoadAssemblies (364ms)
		RebuildTransferFunctionScriptingTraits (0ms)
		AnalyzeDomain (311ms)
			TypeCache.Refresh (304ms)
				TypeCache.ScanAssembly (291ms)
			ScanForSourceGeneratedMonoScriptInfo (4ms)
			ResolveRequiredComponents (4ms)
	FinalizeReload (1089ms)
		ReleaseScriptCaches (0ms)
		RebuildScriptCaches (0ms)
		SetupLoadedEditorAssemblies (535ms)
			LogAssemblyErrors (0ms)
			InitializePlatformSupportModulesInManaged (8ms)
			SetLoadedEditorAssemblies (4ms)
			RefreshPlugins (0ms)
			BeforeProcessingInitializeOnLoad (100ms)
			ProcessInitializeOnLoadAttributes (383ms)
			ProcessInitializeOnLoadMethodAttributes (29ms)
			AfterProcessingInitializeOnLoad (10ms)
			EditorAssembliesLoaded (0ms)
		ExecutionOrderSort2 (0ms)
		AwakeInstancesAfterBackupRestoration (13ms)
Refreshing native plugins compatible for Editor in 7.91 ms, found 4 plugins.
Preloading 0 native plugins for Editor in 0.00 ms.
Unloading 4625 Unused Serialized files (Serialized files now loaded: 0)
Unloading 61 unused Assets / (49.7 KB). Loaded Objects now: 5116.
Memory consumption went from 158.0 MB to 157.9 MB.
Total: 4.848800 ms (FindLiveObjects: 0.337500 ms CreateObjectMapping: 0.247200 ms MarkObjects: 4.162900 ms  DeleteObjects: 0.100500 ms)

Prepare: number of updated asset objects reloaded= 0
AssetImportParameters requested are different than current active one (requested -> active):
  custom:scripting/monoscript/fileName/OGFB_Score.cs: 170bdd4f7885193198086ec87be2acfa -> 
  custom:container-demuxer-ogg: 62fdf1f143b41e24485cea50d1cbac27 -> 
  custom:video-decoder-ogg-theora: a1e56fd34408186e4bbccfd4996cb3dc -> 
  custom:scripting/monoscript/fileName/FlyBehavior.cs: f93af026528c04e98c9ebf7b48342ce5 -> 
  custom:framework-win-MediaFoundation: 216162199b28c13a410421893ffa2e32 -> 
  custom:CustomObjectIndexerAttribute: 756ad292c208cfabdd7b50bc23989ffe -> 
  custom:container-demuxer-webm: 4f35f7cbe854078d1ac9338744f61a02 -> 
  custom:container-muxer-webm: aa71ff27fc2769a1b78a27578f13a17b -> 
  custom:video-decoder-webm-vp8: 9c59270c3fd7afecdb556c50c9e8de78 -> 
  custom:AudioImporter_EditorPlatform: d09bf68614088b80899f8185d706f6e7 -> 
  custom:scripting/monoscript/fileName/PipePooler.cs: b91cae1d3d3c3e879a0bbff8e21286f8 -> 
  custom:video-encoder-webm-vp8: eb34c28f22e8b96e1ab97ce403110664 -> 
  custom:audio-decoder-ogg-vorbis: bf7c407c2cedff20999df2af8eb42d56 -> 
  custom:audio-encoder-webm-vorbis: bf7c407c2cedff20999df2af8eb42d56 -> 
========================================================================
Received Import Request.
  Time since last request: 7.838607 seconds.
  path: Assets/Scripts/OGFB/OGFB_IncreaseScore.cs
  artifactKey: Guid(d243686ec06fcb040b483e8a1c3ca73b) Importer(815301076,1909f56bfc062723c751e8b465ee728b)
Start importing Assets/Scripts/OGFB/OGFB_IncreaseScore.cs using Guid(d243686ec06fcb040b483e8a1c3ca73b) Importer(815301076,1909f56bfc062723c751e8b465ee728b)  -> (artifact id: '6ba115cb7de692ba1cb923ca994f01bf') in 0.001979 seconds
Number of updated asset objects reloaded before import = 0
Number of asset objects unloaded after import = 0
========================================================================
Received Import Request.
  Time since last request: 4.247573 seconds.
  path: Assets/Scripts/OGFB/OGFB_IncreaseScore.cs
  artifactKey: Guid(d243686ec06fcb040b483e8a1c3ca73b) Importer(815301076,1909f56bfc062723c751e8b465ee728b)
Start importing Assets/Scripts/OGFB/OGFB_IncreaseScore.cs using Guid(d243686ec06fcb040b483e8a1c3ca73b) Importer(815301076,1909f56bfc062723c751e8b465ee728b)  -> (artifact id: 'e57bedd9687b1e3914329231e8c4a837') in 0.000459 seconds
Number of updated asset objects reloaded before import = 0
Number of asset objects unloaded after import = 0
========================================================================
Received Prepare
Begin MonoManager ReloadAssembly
- Loaded All Assemblies, in  0.853 seconds
Refreshing native plugins compatible for Editor in 7.90 ms, found 4 plugins.
Native extension for WindowsStandalone target not found
Native extension for WebGL target not found
Adding registration method Yarn.Unity.DefaultActions.RegisterActions
UnityEngine.StackTraceUtility:ExtractStackTrace ()
UnityEngine.DebugLogHandler:LogFormat (UnityEngine.LogType,UnityEngine.Object,string,object[])
UnityEngine.Logger:Log (UnityEngine.LogType,object)
UnityEngine.Debug:Log (object)
Yarn.Unity.Actions:AddRegistrationMethod (System.Action`1<Yarn.Unity.IActionRegistration>) (at ./Library/PackageCache/dev.yarnspinner.unity@80c1e26e8a/Runtime/Commands/Actions.cs:606)
Yarn.Unity.DefaultActions:AddRegisterFunction () (at ./Library/PackageCache/dev.yarnspinner.unity@80c1e26e8a/Runtime/Commands/DefaultActions.cs:18)
System.Reflection.RuntimeMethodInfo:Invoke (object,System.Reflection.BindingFlags,System.Reflection.Binder,object[],System.Globalization.CultureInfo)
System.Reflection.MethodBase:Invoke (object,object[])
UnityEditor.EditorAssemblies:ProcessInitializeOnLoadMethodAttributes ()

(Filename: ./Library/PackageCache/dev.yarnspinner.unity@80c1e26e8a/Runtime/Commands/Actions.cs Line: 606)

Adding registration method Yarn.Unity.Generated.ActionRegistration.RegisterActions
UnityEngine.StackTraceUtility:ExtractStackTrace ()
UnityEngine.DebugLogHandler:LogFormat (UnityEngine.LogType,UnityEngine.Object,string,object[])
UnityEngine.Logger:Log (UnityEngine.LogType,object)
UnityEngine.Debug:Log (object)
Yarn.Unity.Actions:AddRegistrationMethod (System.Action`1<Yarn.Unity.IActionRegistration>) (at ./Library/PackageCache/dev.yarnspinner.unity@80c1e26e8a/Runtime/Commands/Actions.cs:606)
Yarn.Unity.Generated.ActionRegistration:AddRegisterFunction () (at ./YarnSpinner.Unity.SourceCodeGenerator/ActionRegistrationSourceGenerator/YarnActionRegistration-YarnSpinnerTests.CommandsInAnAssemblyDefinition.Generated.cs:12)
System.Reflection.RuntimeMethodInfo:Invoke (object,System.Reflection.BindingFlags,System.Reflection.Binder,object[],System.Globalization.CultureInfo)
System.Reflection.MethodBase:Invoke (object,object[])
UnityEditor.EditorAssemblies:ProcessInitializeOnLoadMethodAttributes ()

(Filename: ./Library/PackageCache/dev.yarnspinner.unity@80c1e26e8a/Runtime/Commands/Actions.cs Line: 606)

Mono: successfully reloaded assembly
- Finished resetting the current domain, in  1.181 seconds
Domain Reload Profiling: 2031ms
	BeginReloadAssembly (151ms)
		ExecutionOrderSort (0ms)
		DisableScriptedObjects (10ms)
		BackupInstance (0ms)
		ReleaseScriptingObjects (0ms)
		CreateAndSetChildDomain (48ms)
	RebuildCommonClasses (26ms)
	RebuildNativeTypeToScriptingClass (8ms)
	initialDomainReloadingComplete (35ms)
	LoadAllAssembliesAndSetupDomain (628ms)
		LoadAssemblies (367ms)
		RebuildTransferFunctionScriptingTraits (0ms)
		AnalyzeDomain (316ms)
			TypeCache.Refresh (309ms)
				TypeCache.ScanAssembly (297ms)
			ScanForSourceGeneratedMonoScriptInfo (4ms)
			ResolveRequiredComponents (4ms)
	FinalizeReload (1181ms)
		ReleaseScriptCaches (0ms)
		RebuildScriptCaches (0ms)
		SetupLoadedEditorAssemblies (562ms)
			LogAssemblyErrors (0ms)
			InitializePlatformSupportModulesInManaged (13ms)
			SetLoadedEditorAssemblies (7ms)
			RefreshPlugins (0ms)
			BeforeProcessingInitializeOnLoad (102ms)
			ProcessInitializeOnLoadAttributes (405ms)
			ProcessInitializeOnLoadMethodAttributes (26ms)
			AfterProcessingInitializeOnLoad (9ms)
			EditorAssembliesLoaded (0ms)
		ExecutionOrderSort2 (0ms)
		AwakeInstancesAfterBackupRestoration (11ms)
Refreshing native plugins compatible for Editor in 8.10 ms, found 4 plugins.
Preloading 0 native plugins for Editor in 0.00 ms.
Unloading 4625 Unused Serialized files (Serialized files now loaded: 0)
Unloading 61 unused Assets / (49.6 KB). Loaded Objects now: 5120.
Memory consumption went from 158.0 MB to 157.9 MB.
Total: 3.975100 ms (FindLiveObjects: 0.322600 ms CreateObjectMapping: 0.226500 ms MarkObjects: 3.326200 ms  DeleteObjects: 0.099100 ms)

Prepare: number of updated asset objects reloaded= 0
AssetImportParameters requested are different than current active one (requested -> active):
  custom:scripting/monoscript/fileName/OGFB_Score.cs: 170bdd4f7885193198086ec87be2acfa -> 
  custom:container-demuxer-ogg: 62fdf1f143b41e24485cea50d1cbac27 -> 
  custom:video-decoder-ogg-theora: a1e56fd34408186e4bbccfd4996cb3dc -> 
  custom:scripting/monoscript/fileName/FlyBehavior.cs: f93af026528c04e98c9ebf7b48342ce5 -> 
  custom:framework-win-MediaFoundation: 216162199b28c13a410421893ffa2e32 -> 
  custom:CustomObjectIndexerAttribute: 756ad292c208cfabdd7b50bc23989ffe -> 
  custom:container-demuxer-webm: 4f35f7cbe854078d1ac9338744f61a02 -> 
  custom:container-muxer-webm: aa71ff27fc2769a1b78a27578f13a17b -> 
  custom:video-decoder-webm-vp8: 9c59270c3fd7afecdb556c50c9e8de78 -> 
  custom:AudioImporter_EditorPlatform: d09bf68614088b80899f8185d706f6e7 -> 
  custom:scripting/monoscript/fileName/PipePooler.cs: b91cae1d3d3c3e879a0bbff8e21286f8 -> 
  custom:video-encoder-webm-vp8: eb34c28f22e8b96e1ab97ce403110664 -> 
  custom:audio-decoder-ogg-vorbis: bf7c407c2cedff20999df2af8eb42d56 -> 
  custom:audio-encoder-webm-vorbis: bf7c407c2cedff20999df2af8eb42d56 -> 
========================================================================
Received Import Request.
  Time since last request: 7.749341 seconds.
  path: Assets/Scripts/OGFB/OGFB_IncreaseScore.cs
  artifactKey: Guid(d243686ec06fcb040b483e8a1c3ca73b) Importer(815301076,1909f56bfc062723c751e8b465ee728b)
Start importing Assets/Scripts/OGFB/OGFB_IncreaseScore.cs using Guid(d243686ec06fcb040b483e8a1c3ca73b) Importer(815301076,1909f56bfc062723c751e8b465ee728b)  -> (artifact id: '798412e9492f711bafe7b18e8d137cbd') in 0.002150 seconds
Number of updated asset objects reloaded before import = 0
Number of asset objects unloaded after import = 0
========================================================================
Received Import Request.
  Time since last request: 29.869249 seconds.
  path: Assets/Scripts/OGFB/OGFB_IncreaseScore.cs
  artifactKey: Guid(d243686ec06fcb040b483e8a1c3ca73b) Importer(815301076,1909f56bfc062723c751e8b465ee728b)
Start importing Assets/Scripts/OGFB/OGFB_IncreaseScore.cs using Guid(d243686ec06fcb040b483e8a1c3ca73b) Importer(815301076,1909f56bfc062723c751e8b465ee728b)  -> (artifact id: '6ed9fe3ff5c719725226dcdafd69c95e') in 0.000436 seconds
Number of updated asset objects reloaded before import = 0
Number of asset objects unloaded after import = 0
========================================================================
Received Import Request.
  Time since last request: 23.533671 seconds.
  path: Assets/Scripts/OGFB/OGFB_IncreaseScore.cs
  artifactKey: Guid(d243686ec06fcb040b483e8a1c3ca73b) Importer(815301076,1909f56bfc062723c751e8b465ee728b)
Start importing Assets/Scripts/OGFB/OGFB_IncreaseScore.cs using Guid(d243686ec06fcb040b483e8a1c3ca73b) Importer(815301076,1909f56bfc062723c751e8b465ee728b)  -> (artifact id: '49d6113d190042553590f521d65f4a7c') in 0.000431 seconds
Number of updated asset objects reloaded before import = 0
Number of asset objects unloaded after import = 0
========================================================================
Received Prepare
Begin MonoManager ReloadAssembly
- Loaded All Assemblies, in  0.814 seconds
Refreshing native plugins compatible for Editor in 8.10 ms, found 4 plugins.
Native extension for WindowsStandalone target not found
Native extension for WebGL target not found
Adding registration method Yarn.Unity.DefaultActions.RegisterActions
UnityEngine.StackTraceUtility:ExtractStackTrace ()
UnityEngine.DebugLogHandler:LogFormat (UnityEngine.LogType,UnityEngine.Object,string,object[])
UnityEngine.Logger:Log (UnityEngine.LogType,object)
UnityEngine.Debug:Log (object)
Yarn.Unity.Actions:AddRegistrationMethod (System.Action`1<Yarn.Unity.IActionRegistration>) (at ./Library/PackageCache/dev.yarnspinner.unity@80c1e26e8a/Runtime/Commands/Actions.cs:606)
Yarn.Unity.DefaultActions:AddRegisterFunction () (at ./Library/PackageCache/dev.yarnspinner.unity@80c1e26e8a/Runtime/Commands/DefaultActions.cs:18)
System.Reflection.RuntimeMethodInfo:Invoke (object,System.Reflection.BindingFlags,System.Reflection.Binder,object[],System.Globalization.CultureInfo)
System.Reflection.MethodBase:Invoke (object,object[])
UnityEditor.EditorAssemblies:ProcessInitializeOnLoadMethodAttributes ()

(Filename: ./Library/PackageCache/dev.yarnspinner.unity@80c1e26e8a/Runtime/Commands/Actions.cs Line: 606)

Adding registration method Yarn.Unity.Generated.ActionRegistration.RegisterActions
UnityEngine.StackTraceUtility:ExtractStackTrace ()
UnityEngine.DebugLogHandler:LogFormat (UnityEngine.LogType,UnityEngine.Object,string,object[])
UnityEngine.Logger:Log (UnityEngine.LogType,object)
UnityEngine.Debug:Log (object)
Yarn.Unity.Actions:AddRegistrationMethod (System.Action`1<Yarn.Unity.IActionRegistration>) (at ./Library/PackageCache/dev.yarnspinner.unity@80c1e26e8a/Runtime/Commands/Actions.cs:606)
Yarn.Unity.Generated.ActionRegistration:AddRegisterFunction () (at ./YarnSpinner.Unity.SourceCodeGenerator/ActionRegistrationSourceGenerator/YarnActionRegistration-YarnSpinnerTests.CommandsInAnAssemblyDefinition.Generated.cs:12)
System.Reflection.RuntimeMethodInfo:Invoke (object,System.Reflection.BindingFlags,System.Reflection.Binder,object[],System.Globalization.CultureInfo)
System.Reflection.MethodBase:Invoke (object,object[])
UnityEditor.EditorAssemblies:ProcessInitializeOnLoadMethodAttributes ()

(Filename: ./Library/PackageCache/dev.yarnspinner.unity@80c1e26e8a/Runtime/Commands/Actions.cs Line: 606)

Mono: successfully reloaded assembly
- Finished resetting the current domain, in  1.039 seconds
Domain Reload Profiling: 1851ms
	BeginReloadAssembly (146ms)
		ExecutionOrderSort (0ms)
		DisableScriptedObjects (10ms)
		BackupInstance (0ms)
		ReleaseScriptingObjects (0ms)
		CreateAndSetChildDomain (47ms)
	RebuildCommonClasses (25ms)
	RebuildNativeTypeToScriptingClass (9ms)
	initialDomainReloadingComplete (33ms)
	LoadAllAssembliesAndSetupDomain (598ms)
		LoadAssemblies (354ms)
		RebuildTransferFunctionScriptingTraits (0ms)
		AnalyzeDomain (299ms)
			TypeCache.Refresh (291ms)
				TypeCache.ScanAssembly (278ms)
			ScanForSourceGeneratedMonoScriptInfo (4ms)
			ResolveRequiredComponents (4ms)
	FinalizeReload (1039ms)
		ReleaseScriptCaches (0ms)
		RebuildScriptCaches (0ms)
		SetupLoadedEditorAssemblies (509ms)
			LogAssemblyErrors (0ms)
			InitializePlatformSupportModulesInManaged (8ms)
			SetLoadedEditorAssemblies (4ms)
			RefreshPlugins (0ms)
			BeforeProcessingInitializeOnLoad (97ms)
			ProcessInitializeOnLoadAttributes (365ms)
			ProcessInitializeOnLoadMethodAttributes (25ms)
			AfterProcessingInitializeOnLoad (9ms)
			EditorAssembliesLoaded (0ms)
		ExecutionOrderSort2 (0ms)
		AwakeInstancesAfterBackupRestoration (11ms)
Refreshing native plugins compatible for Editor in 7.64 ms, found 4 plugins.
Preloading 0 native plugins for Editor in 0.00 ms.
Unloading 4625 Unused Serialized files (Serialized files now loaded: 0)
Unloading 61 unused Assets / (49.6 KB). Loaded Objects now: 5124.
Memory consumption went from 158.0 MB to 157.9 MB.
Total: 4.056800 ms (FindLiveObjects: 0.337900 ms CreateObjectMapping: 0.263900 ms MarkObjects: 3.365300 ms  DeleteObjects: 0.089000 ms)

Prepare: number of updated asset objects reloaded= 0
AssetImportParameters requested are different than current active one (requested -> active):
  custom:scripting/monoscript/fileName/OGFB_Score.cs: 170bdd4f7885193198086ec87be2acfa -> 
  custom:container-demuxer-ogg: 62fdf1f143b41e24485cea50d1cbac27 -> 
  custom:video-decoder-ogg-theora: a1e56fd34408186e4bbccfd4996cb3dc -> 
  custom:scripting/monoscript/fileName/FlyBehavior.cs: f93af026528c04e98c9ebf7b48342ce5 -> 
  custom:framework-win-MediaFoundation: 216162199b28c13a410421893ffa2e32 -> 
  custom:CustomObjectIndexerAttribute: 756ad292c208cfabdd7b50bc23989ffe -> 
  custom:container-demuxer-webm: 4f35f7cbe854078d1ac9338744f61a02 -> 
  custom:container-muxer-webm: aa71ff27fc2769a1b78a27578f13a17b -> 
  custom:video-decoder-webm-vp8: 9c59270c3fd7afecdb556c50c9e8de78 -> 
  custom:AudioImporter_EditorPlatform: d09bf68614088b80899f8185d706f6e7 -> 
  custom:scripting/monoscript/fileName/PipePooler.cs: b91cae1d3d3c3e879a0bbff8e21286f8 -> 
  custom:video-encoder-webm-vp8: eb34c28f22e8b96e1ab97ce403110664 -> 
  custom:audio-decoder-ogg-vorbis: bf7c407c2cedff20999df2af8eb42d56 -> 
  custom:audio-encoder-webm-vorbis: bf7c407c2cedff20999df2af8eb42d56 -> 
========================================================================
Received Import Request.
  Time since last request: 8.099707 seconds.
  path: Assets/Scripts/OGFB/OGFB_IncreaseScore.cs
  artifactKey: Guid(d243686ec06fcb040b483e8a1c3ca73b) Importer(815301076,1909f56bfc062723c751e8b465ee728b)
Start importing Assets/Scripts/OGFB/OGFB_IncreaseScore.cs using Guid(d243686ec06fcb040b483e8a1c3ca73b) Importer(815301076,1909f56bfc062723c751e8b465ee728b)  -> (artifact id: '8fb0453588c464770778bb5ca40054fc') in 0.001949 seconds
Number of updated asset objects reloaded before import = 0
Number of asset objects unloaded after import = 0
========================================================================
Received Prepare
Begin MonoManager ReloadAssembly
- Loaded All Assemblies, in  0.837 seconds
Refreshing native plugins compatible for Editor in 7.91 ms, found 4 plugins.
Native extension for WindowsStandalone target not found
Native extension for WebGL target not found
Adding registration method Yarn.Unity.DefaultActions.RegisterActions
UnityEngine.StackTraceUtility:ExtractStackTrace ()
UnityEngine.DebugLogHandler:LogFormat (UnityEngine.LogType,UnityEngine.Object,string,object[])
UnityEngine.Logger:Log (UnityEngine.LogType,object)
UnityEngine.Debug:Log (object)
Yarn.Unity.Actions:AddRegistrationMethod (System.Action`1<Yarn.Unity.IActionRegistration>) (at ./Library/PackageCache/dev.yarnspinner.unity@80c1e26e8a/Runtime/Commands/Actions.cs:606)
Yarn.Unity.DefaultActions:AddRegisterFunction () (at ./Library/PackageCache/dev.yarnspinner.unity@80c1e26e8a/Runtime/Commands/DefaultActions.cs:18)
System.Reflection.RuntimeMethodInfo:Invoke (object,System.Reflection.BindingFlags,System.Reflection.Binder,object[],System.Globalization.CultureInfo)
System.Reflection.MethodBase:Invoke (object,object[])
UnityEditor.EditorAssemblies:ProcessInitializeOnLoadMethodAttributes ()

(Filename: ./Library/PackageCache/dev.yarnspinner.unity@80c1e26e8a/Runtime/Commands/Actions.cs Line: 606)

Adding registration method Yarn.Unity.Generated.ActionRegistration.RegisterActions
UnityEngine.StackTraceUtility:ExtractStackTrace ()
UnityEngine.DebugLogHandler:LogFormat (UnityEngine.LogType,UnityEngine.Object,string,object[])
UnityEngine.Logger:Log (UnityEngine.LogType,object)
UnityEngine.Debug:Log (object)
Yarn.Unity.Actions:AddRegistrationMethod (System.Action`1<Yarn.Unity.IActionRegistration>) (at ./Library/PackageCache/dev.yarnspinner.unity@80c1e26e8a/Runtime/Commands/Actions.cs:606)
Yarn.Unity.Generated.ActionRegistration:AddRegisterFunction () (at ./YarnSpinner.Unity.SourceCodeGenerator/ActionRegistrationSourceGenerator/YarnActionRegistration-YarnSpinnerTests.CommandsInAnAssemblyDefinition.Generated.cs:12)
System.Reflection.RuntimeMethodInfo:Invoke (object,System.Reflection.BindingFlags,System.Reflection.Binder,object[],System.Globalization.CultureInfo)
System.Reflection.MethodBase:Invoke (object,object[])
UnityEditor.EditorAssemblies:ProcessInitializeOnLoadMethodAttributes ()

(Filename: ./Library/PackageCache/dev.yarnspinner.unity@80c1e26e8a/Runtime/Commands/Actions.cs Line: 606)

Mono: successfully reloaded assembly
- Finished resetting the current domain, in  1.095 seconds
Domain Reload Profiling: 1930ms
	BeginReloadAssembly (151ms)
		ExecutionOrderSort (0ms)
		DisableScriptedObjects (10ms)
		BackupInstance (0ms)
		ReleaseScriptingObjects (0ms)
		CreateAndSetChildDomain (54ms)
	RebuildCommonClasses (26ms)
	RebuildNativeTypeToScriptingClass (8ms)
	initialDomainReloadingComplete (33ms)
	LoadAllAssembliesAndSetupDomain (617ms)
		LoadAssemblies (355ms)
		RebuildTransferFunctionScriptingTraits (0ms)
		AnalyzeDomain (313ms)
			TypeCache.Refresh (309ms)
				TypeCache.ScanAssembly (295ms)
			ScanForSourceGeneratedMonoScriptInfo (0ms)
			ResolveRequiredComponents (4ms)
	FinalizeReload (1096ms)
		ReleaseScriptCaches (0ms)
		RebuildScriptCaches (0ms)
		SetupLoadedEditorAssemblies (566ms)
			LogAssemblyErrors (0ms)
			InitializePlatformSupportModulesInManaged (7ms)
			SetLoadedEditorAssemblies (4ms)
			RefreshPlugins (0ms)
			BeforeProcessingInitializeOnLoad (107ms)
			ProcessInitializeOnLoadAttributes (412ms)
			ProcessInitializeOnLoadMethodAttributes (26ms)
			AfterProcessingInitializeOnLoad (9ms)
			EditorAssembliesLoaded (0ms)
		ExecutionOrderSort2 (0ms)
		AwakeInstancesAfterBackupRestoration (13ms)
Refreshing native plugins compatible for Editor in 8.67 ms, found 4 plugins.
Preloading 0 native plugins for Editor in 0.00 ms.
Unloading 4625 Unused Serialized files (Serialized files now loaded: 0)
Unloading 61 unused Assets / (49.6 KB). Loaded Objects now: 5128.
Memory consumption went from 158.0 MB to 157.9 MB.
Total: 3.955500 ms (FindLiveObjects: 0.324000 ms CreateObjectMapping: 0.215600 ms MarkObjects: 3.324200 ms  DeleteObjects: 0.091100 ms)

Prepare: number of updated asset objects reloaded= 0
AssetImportParameters requested are different than current active one (requested -> active):
  custom:scripting/monoscript/fileName/OGFB_Score.cs: 170bdd4f7885193198086ec87be2acfa -> 
  custom:container-demuxer-ogg: 62fdf1f143b41e24485cea50d1cbac27 -> 
  custom:video-decoder-ogg-theora: a1e56fd34408186e4bbccfd4996cb3dc -> 
  custom:scripting/monoscript/fileName/FlyBehavior.cs: f93af026528c04e98c9ebf7b48342ce5 -> 
  custom:framework-win-MediaFoundation: 216162199b28c13a410421893ffa2e32 -> 
  custom:CustomObjectIndexerAttribute: 756ad292c208cfabdd7b50bc23989ffe -> 
  custom:container-demuxer-webm: 4f35f7cbe854078d1ac9338744f61a02 -> 
  custom:container-muxer-webm: aa71ff27fc2769a1b78a27578f13a17b -> 
  custom:video-decoder-webm-vp8: 9c59270c3fd7afecdb556c50c9e8de78 -> 
  custom:AudioImporter_EditorPlatform: d09bf68614088b80899f8185d706f6e7 -> 
  custom:scripting/monoscript/fileName/PipePooler.cs: b91cae1d3d3c3e879a0bbff8e21286f8 -> 
  custom:video-encoder-webm-vp8: eb34c28f22e8b96e1ab97ce403110664 -> 
  custom:audio-decoder-ogg-vorbis: bf7c407c2cedff20999df2af8eb42d56 -> 
  custom:audio-encoder-webm-vorbis: bf7c407c2cedff20999df2af8eb42d56 -> 
========================================================================
Received Prepare
Begin MonoManager ReloadAssembly
- Loaded All Assemblies, in  0.806 seconds
Refreshing native plugins compatible for Editor in 7.68 ms, found 4 plugins.
Native extension for WindowsStandalone target not found
Native extension for WebGL target not found
Adding registration method Yarn.Unity.DefaultActions.RegisterActions
UnityEngine.StackTraceUtility:ExtractStackTrace ()
UnityEngine.DebugLogHandler:LogFormat (UnityEngine.LogType,UnityEngine.Object,string,object[])
UnityEngine.Logger:Log (UnityEngine.LogType,object)
UnityEngine.Debug:Log (object)
Yarn.Unity.Actions:AddRegistrationMethod (System.Action`1<Yarn.Unity.IActionRegistration>) (at ./Library/PackageCache/dev.yarnspinner.unity@80c1e26e8a/Runtime/Commands/Actions.cs:606)
Yarn.Unity.DefaultActions:AddRegisterFunction () (at ./Library/PackageCache/dev.yarnspinner.unity@80c1e26e8a/Runtime/Commands/DefaultActions.cs:18)
System.Reflection.RuntimeMethodInfo:Invoke (object,System.Reflection.BindingFlags,System.Reflection.Binder,object[],System.Globalization.CultureInfo)
System.Reflection.MethodBase:Invoke (object,object[])
UnityEditor.EditorAssemblies:ProcessInitializeOnLoadMethodAttributes ()

(Filename: ./Library/PackageCache/dev.yarnspinner.unity@80c1e26e8a/Runtime/Commands/Actions.cs Line: 606)

Adding registration method Yarn.Unity.Generated.ActionRegistration.RegisterActions
UnityEngine.StackTraceUtility:ExtractStackTrace ()
UnityEngine.DebugLogHandler:LogFormat (UnityEngine.LogType,UnityEngine.Object,string,object[])
UnityEngine.Logger:Log (UnityEngine.LogType,object)
UnityEngine.Debug:Log (object)
Yarn.Unity.Actions:AddRegistrationMethod (System.Action`1<Yarn.Unity.IActionRegistration>) (at ./Library/PackageCache/dev.yarnspinner.unity@80c1e26e8a/Runtime/Commands/Actions.cs:606)
Yarn.Unity.Generated.ActionRegistration:AddRegisterFunction () (at ./YarnSpinner.Unity.SourceCodeGenerator/ActionRegistrationSourceGenerator/YarnActionRegistration-YarnSpinnerTests.CommandsInAnAssemblyDefinition.Generated.cs:12)
System.Reflection.RuntimeMethodInfo:Invoke (object,System.Reflection.BindingFlags,System.Reflection.Binder,object[],System.Globalization.CultureInfo)
System.Reflection.MethodBase:Invoke (object,object[])
UnityEditor.EditorAssemblies:ProcessInitializeOnLoadMethodAttributes ()

(Filename: ./Library/PackageCache/dev.yarnspinner.unity@80c1e26e8a/Runtime/Commands/Actions.cs Line: 606)

Mono: successfully reloaded assembly
- Finished resetting the current domain, in  1.072 seconds
Domain Reload Profiling: 1876ms
	BeginReloadAssembly (143ms)
		ExecutionOrderSort (0ms)
		DisableScriptedObjects (10ms)
		BackupInstance (0ms)
		ReleaseScriptingObjects (0ms)
		CreateAndSetChildDomain (48ms)
	RebuildCommonClasses (24ms)
	RebuildNativeTypeToScriptingClass (8ms)
	initialDomainReloadingComplete (36ms)
	LoadAllAssembliesAndSetupDomain (593ms)
		LoadAssemblies (347ms)
		RebuildTransferFunctionScriptingTraits (0ms)
		AnalyzeDomain (296ms)
			TypeCache.Refresh (292ms)
				TypeCache.ScanAssembly (280ms)
			ScanForSourceGeneratedMonoScriptInfo (0ms)
			ResolveRequiredComponents (4ms)
	FinalizeReload (1073ms)
		ReleaseScriptCaches (0ms)
		RebuildScriptCaches (0ms)
		SetupLoadedEditorAssemblies (546ms)
			LogAssemblyErrors (0ms)
			InitializePlatformSupportModulesInManaged (7ms)
			SetLoadedEditorAssemblies (5ms)
			RefreshPlugins (0ms)
			BeforeProcessingInitializeOnLoad (103ms)
			ProcessInitializeOnLoadAttributes (389ms)
			ProcessInitializeOnLoadMethodAttributes (31ms)
			AfterProcessingInitializeOnLoad (9ms)
			EditorAssembliesLoaded (0ms)
		ExecutionOrderSort2 (0ms)
		AwakeInstancesAfterBackupRestoration (12ms)
Refreshing native plugins compatible for Editor in 8.42 ms, found 4 plugins.
Preloading 0 native plugins for Editor in 0.00 ms.
Unloading 4626 Unused Serialized files (Serialized files now loaded: 0)
Unloading 61 unused Assets / (49.8 KB). Loaded Objects now: 5132.
Memory consumption went from 158.2 MB to 158.2 MB.
Total: 3.916000 ms (FindLiveObjects: 0.349400 ms CreateObjectMapping: 0.251400 ms MarkObjects: 3.227900 ms  DeleteObjects: 0.086000 ms)

Prepare: number of updated asset objects reloaded= 0
AssetImportParameters requested are different than current active one (requested -> active):
  custom:scripting/monoscript/fileName/OGFB_Score.cs: 170bdd4f7885193198086ec87be2acfa -> 
  custom:container-demuxer-ogg: 62fdf1f143b41e24485cea50d1cbac27 -> 
  custom:video-decoder-ogg-theora: a1e56fd34408186e4bbccfd4996cb3dc -> 
  custom:scripting/monoscript/fileName/FlyBehavior.cs: f93af026528c04e98c9ebf7b48342ce5 -> 
  custom:framework-win-MediaFoundation: 216162199b28c13a410421893ffa2e32 -> 
  custom:CustomObjectIndexerAttribute: 756ad292c208cfabdd7b50bc23989ffe -> 
  custom:container-demuxer-webm: 4f35f7cbe854078d1ac9338744f61a02 -> 
  custom:container-muxer-webm: aa71ff27fc2769a1b78a27578f13a17b -> 
  custom:video-decoder-webm-vp8: 9c59270c3fd7afecdb556c50c9e8de78 -> 
  custom:AudioImporter_EditorPlatform: d09bf68614088b80899f8185d706f6e7 -> 
  custom:scripting/monoscript/fileName/PipePooler.cs: b91cae1d3d3c3e879a0bbff8e21286f8 -> 
  custom:video-encoder-webm-vp8: eb34c28f22e8b96e1ab97ce403110664 -> 
  custom:audio-decoder-ogg-vorbis: bf7c407c2cedff20999df2af8eb42d56 -> 
  custom:audio-encoder-webm-vorbis: bf7c407c2cedff20999df2af8eb42d56 -> 
========================================================================
Received Prepare
Begin MonoManager ReloadAssembly
- Loaded All Assemblies, in  0.821 seconds
Refreshing native plugins compatible for Editor in 7.57 ms, found 4 plugins.
Native extension for WindowsStandalone target not found
Native extension for WebGL target not found
Adding registration method Yarn.Unity.DefaultActions.RegisterActions
UnityEngine.StackTraceUtility:ExtractStackTrace ()
UnityEngine.DebugLogHandler:LogFormat (UnityEngine.LogType,UnityEngine.Object,string,object[])
UnityEngine.Logger:Log (UnityEngine.LogType,object)
UnityEngine.Debug:Log (object)
Yarn.Unity.Actions:AddRegistrationMethod (System.Action`1<Yarn.Unity.IActionRegistration>) (at ./Library/PackageCache/dev.yarnspinner.unity@80c1e26e8a/Runtime/Commands/Actions.cs:606)
Yarn.Unity.DefaultActions:AddRegisterFunction () (at ./Library/PackageCache/dev.yarnspinner.unity@80c1e26e8a/Runtime/Commands/DefaultActions.cs:18)
System.Reflection.RuntimeMethodInfo:Invoke (object,System.Reflection.BindingFlags,System.Reflection.Binder,object[],System.Globalization.CultureInfo)
System.Reflection.MethodBase:Invoke (object,object[])
UnityEditor.EditorAssemblies:ProcessInitializeOnLoadMethodAttributes ()

(Filename: ./Library/PackageCache/dev.yarnspinner.unity@80c1e26e8a/Runtime/Commands/Actions.cs Line: 606)

Adding registration method Yarn.Unity.Generated.ActionRegistration.RegisterActions
UnityEngine.StackTraceUtility:ExtractStackTrace ()
UnityEngine.DebugLogHandler:LogFormat (UnityEngine.LogType,UnityEngine.Object,string,object[])
UnityEngine.Logger:Log (UnityEngine.LogType,object)
UnityEngine.Debug:Log (object)
Yarn.Unity.Actions:AddRegistrationMethod (System.Action`1<Yarn.Unity.IActionRegistration>) (at ./Library/PackageCache/dev.yarnspinner.unity@80c1e26e8a/Runtime/Commands/Actions.cs:606)
Yarn.Unity.Generated.ActionRegistration:AddRegisterFunction () (at ./YarnSpinner.Unity.SourceCodeGenerator/ActionRegistrationSourceGenerator/YarnActionRegistration-YarnSpinnerTests.CommandsInAnAssemblyDefinition.Generated.cs:12)
System.Reflection.RuntimeMethodInfo:Invoke (object,System.Reflection.BindingFlags,System.Reflection.Binder,object[],System.Globalization.CultureInfo)
System.Reflection.MethodBase:Invoke (object,object[])
UnityEditor.EditorAssemblies:ProcessInitializeOnLoadMethodAttributes ()

(Filename: ./Library/PackageCache/dev.yarnspinner.unity@80c1e26e8a/Runtime/Commands/Actions.cs Line: 606)

Mono: successfully reloaded assembly
- Finished resetting the current domain, in  1.097 seconds
Domain Reload Profiling: 1915ms
	BeginReloadAssembly (145ms)
		ExecutionOrderSort (0ms)
		DisableScriptedObjects (10ms)
		BackupInstance (0ms)
		ReleaseScriptingObjects (0ms)
		CreateAndSetChildDomain (47ms)
	RebuildCommonClasses (24ms)
	RebuildNativeTypeToScriptingClass (8ms)
	initialDomainReloadingComplete (32ms)
	LoadAllAssembliesAndSetupDomain (608ms)
		LoadAssemblies (360ms)
		RebuildTransferFunctionScriptingTraits (0ms)
		AnalyzeDomain (301ms)
			TypeCache.Refresh (297ms)
				TypeCache.ScanAssembly (285ms)
			ScanForSourceGeneratedMonoScriptInfo (0ms)
			ResolveRequiredComponents (4ms)
	FinalizeReload (1098ms)
		ReleaseScriptCaches (0ms)
		RebuildScriptCaches (0ms)
		SetupLoadedEditorAssemblies (539ms)
			LogAssemblyErrors (0ms)
			InitializePlatformSupportModulesInManaged (7ms)
			SetLoadedEditorAssemblies (4ms)
			RefreshPlugins (0ms)
			BeforeProcessingInitializeOnLoad (108ms)
			ProcessInitializeOnLoadAttributes (383ms)
			ProcessInitializeOnLoadMethodAttributes (27ms)
			AfterProcessingInitializeOnLoad (10ms)
			EditorAssembliesLoaded (0ms)
		ExecutionOrderSort2 (0ms)
		AwakeInstancesAfterBackupRestoration (12ms)
Refreshing native plugins compatible for Editor in 8.21 ms, found 4 plugins.
Preloading 0 native plugins for Editor in 0.00 ms.
Unloading 4626 Unused Serialized files (Serialized files now loaded: 0)
Unloading 61 unused Assets / (49.7 KB). Loaded Objects now: 5136.
Memory consumption went from 158.2 MB to 158.2 MB.
Total: 3.886700 ms (FindLiveObjects: 0.309600 ms CreateObjectMapping: 0.198800 ms MarkObjects: 3.291800 ms  DeleteObjects: 0.085500 ms)

Prepare: number of updated asset objects reloaded= 0
AssetImportParameters requested are different than current active one (requested -> active):
  custom:scripting/monoscript/fileName/OGFB_Score.cs: 170bdd4f7885193198086ec87be2acfa -> 
  custom:container-demuxer-ogg: 62fdf1f143b41e24485cea50d1cbac27 -> 
  custom:video-decoder-ogg-theora: a1e56fd34408186e4bbccfd4996cb3dc -> 
  custom:scripting/monoscript/fileName/FlyBehavior.cs: f93af026528c04e98c9ebf7b48342ce5 -> 
  custom:framework-win-MediaFoundation: 216162199b28c13a410421893ffa2e32 -> 
  custom:CustomObjectIndexerAttribute: 756ad292c208cfabdd7b50bc23989ffe -> 
  custom:container-demuxer-webm: 4f35f7cbe854078d1ac9338744f61a02 -> 
  custom:container-muxer-webm: aa71ff27fc2769a1b78a27578f13a17b -> 
  custom:video-decoder-webm-vp8: 9c59270c3fd7afecdb556c50c9e8de78 -> 
  custom:AudioImporter_EditorPlatform: d09bf68614088b80899f8185d706f6e7 -> 
  custom:scripting/monoscript/fileName/PipePooler.cs: b91cae1d3d3c3e879a0bbff8e21286f8 -> 
  custom:video-encoder-webm-vp8: eb34c28f22e8b96e1ab97ce403110664 -> 
  custom:audio-decoder-ogg-vorbis: bf7c407c2cedff20999df2af8eb42d56 -> 
  custom:audio-encoder-webm-vorbis: bf7c407c2cedff20999df2af8eb42d56 -> 
